Using pre-set license
Built from '2022.3/staging' branch; Version is '2022.3.14f1 (eff2de9070d8) revision 15725278'; Using compiler version '192829333'; Build Type 'Release'
OS: 'Windows 11  (10.0.22621) 64bit Professional' Language: 'es' Physical Memory: 32468 MB
BatchMode: 1, IsHumanControllingUs: 0, StartBugReporterOnCrash: 0, Is64bit: 1, IsPro: 1

COMMAND LINE ARGUMENTS:
D:\Programas\Unity\2022.3.14f1\Editor\Unity.exe
-adb2
-batchMode
-noUpm
-name
AssetImportWorker7
-projectPath
D:/game-unity-Aimarcapo/DarkVania
-logFile
Logs/AssetImportWorker7.log
-srvPort
59163
Successfully changed project path to: D:/game-unity-Aimarcapo/DarkVania
D:/game-unity-Aimarcapo/DarkVania
[UnityMemory] Configuration Parameters - Can be set up in boot.config
    "memorysetup-bucket-allocator-granularity=16"
    "memorysetup-bucket-allocator-bucket-count=8"
    "memorysetup-bucket-allocator-block-size=33554432"
    "memorysetup-bucket-allocator-block-count=8"
    "memorysetup-main-allocator-block-size=16777216"
    "memorysetup-thread-allocator-block-size=16777216"
    "memorysetup-gfx-main-allocator-block-size=16777216"
    "memorysetup-gfx-thread-allocator-block-size=16777216"
    "memorysetup-cache-allocator-block-size=4194304"
    "memorysetup-typetree-allocator-block-size=2097152"
    "memorysetup-profiler-bucket-allocator-granularity=16"
    "memorysetup-profiler-bucket-allocator-bucket-count=8"
    "memorysetup-profiler-bucket-allocator-block-size=33554432"
    "memorysetup-profiler-bucket-allocator-block-count=8"
    "memorysetup-profiler-allocator-block-size=16777216"
    "memorysetup-profiler-editor-allocator-block-size=1048576"
    "memorysetup-temp-allocator-size-main=16777216"
    "memorysetup-job-temp-allocator-block-size=2097152"
    "memorysetup-job-temp-allocator-block-size-background=1048576"
    "memorysetup-job-temp-allocator-reduction-small-platforms=262144"
    "memorysetup-allocator-temp-initial-block-size-main=262144"
    "memorysetup-allocator-temp-initial-block-size-worker=262144"
    "memorysetup-temp-allocator-size-background-worker=32768"
    "memorysetup-temp-allocator-size-job-worker=262144"
    "memorysetup-temp-allocator-size-preload-manager=33554432"
    "memorysetup-temp-allocator-size-nav-mesh-worker=65536"
    "memorysetup-temp-allocator-size-audio-worker=65536"
    "memorysetup-temp-allocator-size-cloud-worker=32768"
    "memorysetup-temp-allocator-size-gi-baking-worker=262144"
    "memorysetup-temp-allocator-size-gfx=262144"
Player connection [23536] Host "[IP] 192.168.128.1 [Port] 0 [Flags] 2 [Guid] 1818320150 [EditorId] 1818320150 [Version] 1048832 [Id] WindowsEditor(7,AIMAR) [Debug] 1 [PackageName] WindowsEditor [ProjectName] Editor" joined multi-casting on [225.0.0.222:54997]...

Player connection [23536] Host "[IP] 192.168.128.1 [Port] 0 [Flags] 2 [Guid] 1818320150 [EditorId] 1818320150 [Version] 1048832 [Id] WindowsEditor(7,AIMAR) [Debug] 1 [PackageName] WindowsEditor [ProjectName] Editor" joined alternative multi-casting on [225.0.0.222:34997]...

[Physics::Module] Initialized MultithreadedJobDispatcher with 23 workers.
Refreshing native plugins compatible for Editor in 6.72 ms, found 4 plugins.
Preloading 0 native plugins for Editor in 0.00 ms.
Initialize engine version: 2022.3.14f1 (eff2de9070d8)
[Subsystems] Discovering subsystems at path D:/Programas/Unity/2022.3.14f1/Editor/Data/Resources/UnitySubsystems
[Subsystems] Discovering subsystems at path D:/game-unity-Aimarcapo/DarkVania/Assets
GfxDevice: creating device client; threaded=0; jobified=0
Direct3D:
    Version:  Direct3D 11.0 [level 11.1]
    Renderer: NVIDIA GeForce RTX 4060 Laptop GPU (ID=0x28a0)
    Vendor:   NVIDIA
    VRAM:     7957 MB
    Driver:   31.0.15.5152
Initialize mono
Mono path[0] = 'D:/Programas/Unity/2022.3.14f1/Editor/Data/Managed'
Mono path[1] = 'D:/Programas/Unity/2022.3.14f1/Editor/Data/MonoBleedingEdge/lib/mono/unityjit-win32'
Mono config path = 'D:/Programas/Unity/2022.3.14f1/Editor/Data/MonoBleedingEdge/etc'
Using monoOptions --debugger-agent=transport=dt_socket,embedding=1,server=y,suspend=n,address=127.0.0.1:56288
Begin MonoManager ReloadAssembly
Registering precompiled unity dll's ...
Register platform support module: D:/Programas/Unity/2022.3.14f1/Editor/Data/PlaybackEngines/WebGLSupport/UnityEditor.WebGL.Extensions.dll
Register platform support module: D:/Programas/Unity/2022.3.14f1/Editor/Data/PlaybackEngines/AndroidPlayer/UnityEditor.Android.Extensions.dll
Register platform support module: D:/Programas/Unity/2022.3.14f1/Editor/Data/PlaybackEngines/WindowsStandaloneSupport/UnityEditor.WindowsStandalone.Extensions.dll
Registered in 0.003486 seconds.
- Loaded All Assemblies, in  0.248 seconds
Native extension for WindowsStandalone target not found
Native extension for Android target not found
Android Extension - Scanning For ADB Devices 215 ms
Native extension for WebGL target not found
Mono: successfully reloaded assembly
- Finished resetting the current domain, in  0.458 seconds
Domain Reload Profiling: 706ms
	BeginReloadAssembly (83ms)
		ExecutionOrderSort (0ms)
		DisableScriptedObjects (0ms)
		BackupInstance (0ms)
		ReleaseScriptingObjects (0ms)
		CreateAndSetChildDomain (1ms)
	RebuildCommonClasses (23ms)
	RebuildNativeTypeToScriptingClass (7ms)
	initialDomainReloadingComplete (36ms)
	LoadAllAssembliesAndSetupDomain (99ms)
		LoadAssemblies (84ms)
		RebuildTransferFunctionScriptingTraits (0ms)
		AnalyzeDomain (96ms)
			TypeCache.Refresh (95ms)
				TypeCache.ScanAssembly (86ms)
			ScanForSourceGeneratedMonoScriptInfo (0ms)
			ResolveRequiredComponents (0ms)
	FinalizeReload (459ms)
		ReleaseScriptCaches (0ms)
		RebuildScriptCaches (0ms)
		SetupLoadedEditorAssemblies (415ms)
			LogAssemblyErrors (0ms)
			InitializePlatformSupportModulesInManaged (301ms)
			SetLoadedEditorAssemblies (3ms)
			RefreshPlugins (0ms)
			BeforeProcessingInitializeOnLoad (2ms)
			ProcessInitializeOnLoadAttributes (75ms)
			ProcessInitializeOnLoadMethodAttributes (34ms)
			AfterProcessingInitializeOnLoad (0ms)
			EditorAssembliesLoaded (0ms)
		ExecutionOrderSort2 (0ms)
		AwakeInstancesAfterBackupRestoration (0ms)
========================================================================
Worker process is ready to serve import requests
Begin MonoManager ReloadAssembly
- Loaded All Assemblies, in  0.465 seconds
Refreshing native plugins compatible for Editor in 2.27 ms, found 4 plugins.
Native extension for WindowsStandalone target not found
Native extension for Android target not found
Native extension for WebGL target not found
Package Manager log level set to [2]
[Package Manager] Server::EnsureServerProcessIsRunning -- launch failed, reason: Unity was launched with the -noUpm command-line argument
[Package Manager] UpmClient::Send -- Unable to send message (not connected to UPM process).
[Package Manager] Cannot connect to Unity Package Manager local server
Mono: successfully reloaded assembly
- Finished resetting the current domain, in  0.654 seconds
Domain Reload Profiling: 1120ms
	BeginReloadAssembly (115ms)
		ExecutionOrderSort (0ms)
		DisableScriptedObjects (4ms)
		BackupInstance (0ms)
		ReleaseScriptingObjects (0ms)
		CreateAndSetChildDomain (15ms)
	RebuildCommonClasses (22ms)
	RebuildNativeTypeToScriptingClass (7ms)
	initialDomainReloadingComplete (26ms)
	LoadAllAssembliesAndSetupDomain (295ms)
		LoadAssemblies (248ms)
		RebuildTransferFunctionScriptingTraits (0ms)
		AnalyzeDomain (121ms)
			TypeCache.Refresh (101ms)
				TypeCache.ScanAssembly (88ms)
			ScanForSourceGeneratedMonoScriptInfo (15ms)
			ResolveRequiredComponents (4ms)
	FinalizeReload (655ms)
		ReleaseScriptCaches (0ms)
		RebuildScriptCaches (0ms)
		SetupLoadedEditorAssemblies (523ms)
			LogAssemblyErrors (0ms)
			InitializePlatformSupportModulesInManaged (19ms)
			SetLoadedEditorAssemblies (5ms)
			RefreshPlugins (0ms)
			BeforeProcessingInitializeOnLoad (76ms)
			ProcessInitializeOnLoadAttributes (394ms)
			ProcessInitializeOnLoadMethodAttributes (27ms)
			AfterProcessingInitializeOnLoad (2ms)
			EditorAssembliesLoaded (0ms)
		ExecutionOrderSort2 (0ms)
		AwakeInstancesAfterBackupRestoration (6ms)
Launched and connected shader compiler UnityShaderCompiler.exe after 0.04 seconds
Refreshing native plugins compatible for Editor in 1.92 ms, found 4 plugins.
Preloading 0 native plugins for Editor in 0.00 ms.
Unloading 4094 Unused Serialized files (Serialized files now loaded: 0)
Unloading 64 unused Assets / (61.2 KB). Loaded Objects now: 4563.
Memory consumption went from 155.9 MB to 155.8 MB.
Total: 2.875300 ms (FindLiveObjects: 0.174700 ms CreateObjectMapping: 0.082300 ms MarkObjects: 2.516600 ms  DeleteObjects: 0.101000 ms)

AssetImportParameters requested are different than current active one (requested -> active):
  custom:container-demuxer-ogg: 62fdf1f143b41e24485cea50d1cbac27 -> 
  custom:video-codec-MediaFoundation-h265: 746d11721c4dcdbdad8f713fa42b33f4 -> 
  custom:video-decoder-ogg-theora: a1e56fd34408186e4bbccfd4996cb3dc -> 
  custom:scripting/monoscript/fileName/Venom.cs: 562c9e5cc0530fd95f01c230da80849b -> dc25489942fe577d2695d194e4bae249
  custom:framework-win-MediaFoundation: 216162199b28c13a410421893ffa2e32 -> 
  custom:CustomObjectIndexerAttribute: 756ad292c208cfabdd7b50bc23989ffe -> 
  custom:container-demuxer-webm: 4f35f7cbe854078d1ac9338744f61a02 -> 
  custom:container-muxer-webm: aa71ff27fc2769a1b78a27578f13a17b -> 
  custom:video-decoder-webm-vp8: 9c59270c3fd7afecdb556c50c9e8de78 -> 
  custom:SearchIndexIgnoredProperties: e643bd26f0fe6173181afceb89e7c659 -> 
  custom:AudioImporter_EditorPlatform: d09bf68614088b80899f8185d706f6e7 -> 
  custom:video-encoder-webm-vp8: eb34c28f22e8b96e1ab97ce403110664 -> 
  custom:audio-decoder-ogg-vorbis: bf7c407c2cedff20999df2af8eb42d56 -> 
  custom:audio-encoder-webm-vorbis: bf7c407c2cedff20999df2af8eb42d56 -> 
========================================================================
Received Import Request.
  Time since last request: 169262.320028 seconds.
  path: Assets/Kyrise's 16x16 RPG Icon Pack - V1.2/icons/32x32/bow_01b.png
  artifactKey: Guid(c6be5a48965803c4fa3cc35861cb1ee5) Importer(815301076,1909f56bfc062723c751e8b465ee728b)
Start importing Assets/Kyrise's 16x16 RPG Icon Pack - V1.2/icons/32x32/bow_01b.png using Guid(c6be5a48965803c4fa3cc35861cb1ee5) Importer(815301076,1909f56bfc062723c751e8b465ee728b)  -> (artifact id: '0c369eff24c2010c73afcb50a7887478') in 0.061230 seconds
Number of updated asset objects reloaded before import = 0
Number of asset objects unloaded after import = 3
========================================================================
Received Import Request.
  Time since last request: 0.210114 seconds.
  path: Assets/Kyrise's 16x16 RPG Icon Pack - V1.2/icons/32x32/candy_02f.png
  artifactKey: Guid(40a148cf02fc85346963531ddd2a3a48) Importer(815301076,1909f56bfc062723c751e8b465ee728b)
Start importing Assets/Kyrise's 16x16 RPG Icon Pack - V1.2/icons/32x32/candy_02f.png using Guid(40a148cf02fc85346963531ddd2a3a48) Importer(815301076,1909f56bfc062723c751e8b465ee728b)  -> (artifact id: '471250fa124e43a3eaa74dae81150199') in 0.026231 seconds
Number of updated asset objects reloaded before import = 0
Number of asset objects unloaded after import = 3
========================================================================
Received Import Request.
  Time since last request: 0.004061 seconds.
  path: Assets/Kyrise's 16x16 RPG Icon Pack - V1.2/icons/32x32/coin_01d.png
  artifactKey: Guid(5aec00785d9db07449da863dd2ec8d4c) Importer(815301076,1909f56bfc062723c751e8b465ee728b)
Start importing Assets/Kyrise's 16x16 RPG Icon Pack - V1.2/icons/32x32/coin_01d.png using Guid(5aec00785d9db07449da863dd2ec8d4c) Importer(815301076,1909f56bfc062723c751e8b465ee728b)  -> (artifact id: 'a5e19b3196ac7dbb98be1a3f4a5f6d0f') in 0.023446 seconds
Number of updated asset objects reloaded before import = 0
Number of asset objects unloaded after import = 3
========================================================================
Received Import Request.
  Time since last request: 0.157745 seconds.
  path: Assets/Kyrise's 16x16 RPG Icon Pack - V1.2/icons/32x32/coin_03a.png
  artifactKey: Guid(970950feff9e83a4993d2a5a45714ce4) Importer(815301076,1909f56bfc062723c751e8b465ee728b)
Start importing Assets/Kyrise's 16x16 RPG Icon Pack - V1.2/icons/32x32/coin_03a.png using Guid(970950feff9e83a4993d2a5a45714ce4) Importer(815301076,1909f56bfc062723c751e8b465ee728b)  -> (artifact id: 'eb73b63dd60db55c3387fc0034663850') in 0.022758 seconds
Number of updated asset objects reloaded before import = 0
Number of asset objects unloaded after import = 3
========================================================================
Received Import Request.
  Time since last request: 0.003912 seconds.
  path: Assets/Kyrise's 16x16 RPG Icon Pack - V1.2/icons/32x32/coin_04a.png
  artifactKey: Guid(e8f1677ffee9d2546bcc021a92e049d1) Importer(815301076,1909f56bfc062723c751e8b465ee728b)
Start importing Assets/Kyrise's 16x16 RPG Icon Pack - V1.2/icons/32x32/coin_04a.png using Guid(e8f1677ffee9d2546bcc021a92e049d1) Importer(815301076,1909f56bfc062723c751e8b465ee728b)  -> (artifact id: 'f558f3e3b92ab382da00bc7dbe8148ec') in 0.019358 seconds
Number of updated asset objects reloaded before import = 0
Number of asset objects unloaded after import = 3
========================================================================
Received Import Request.
  Time since last request: 0.121830 seconds.
  path: Assets/Kyrise's 16x16 RPG Icon Pack - V1.2/icons/32x32/fish_01d.png
  artifactKey: Guid(1089de7316d651746a8575e7caac264f) Importer(815301076,1909f56bfc062723c751e8b465ee728b)
Start importing Assets/Kyrise's 16x16 RPG Icon Pack - V1.2/icons/32x32/fish_01d.png using Guid(1089de7316d651746a8575e7caac264f) Importer(815301076,1909f56bfc062723c751e8b465ee728b)  -> (artifact id: '187b99fbeb8f2e05b138a013a5998c07') in 0.020503 seconds
Number of updated asset objects reloaded before import = 0
Number of asset objects unloaded after import = 3
Editor requested this worker to shutdown with reason: Scaling down because of idle timeout
TcpMessagingSession - receive error: operation aborted. errorcode: 995, details: La operación de E/S se anuló por una salida de subproceso o por una solicitud de aplicación.
AssetImportWorker is now disconnected from the server
Process exiting
Exiting without the bug reporter. Application will terminate with return code 0